  speechManager.cpp
f:\c++\大案例\演讲比赛流程管理系统\演讲比赛流程管理系统\speechmanager.cpp(93): warning C4018: “<”: 有符号/无符号不匹配
f:\c++\大案例\演讲比赛流程管理系统\演讲比赛流程管理系统\speechmanager.cpp(263): warning C4018: “<”: 有符号/无符号不匹配
c:\program files (x86)\microsoft visual studio\2017\community\vc\tools\msvc\14.16.27023\include\numeric(26): warning C4244: “=”: 从“double”转换到“_Ty”，可能丢失数据
          with
          [
              _Ty=float
          ]
  c:\program files (x86)\microsoft visual studio\2017\community\vc\tools\msvc\14.16.27023\include\numeric(36): note: 参见对正在编译的函数 模板 实例化“_Ty std::accumulate<_InIt,_Ty,std::plus<void>>(const _InIt,const _InIt,_Ty,_Fn)”的引用
          with
          [
              _Ty=float,
              _InIt=std::_Deque_iterator<std::_Deque_val<std::_Deque_simple_types<double>>>,
              _Fn=std::plus<void>
          ]
  f:\c++\大案例\演讲比赛流程管理系统\演讲比赛流程管理系统\speechmanager.cpp(145): note: 参见对正在编译的函数 模板 实例化“_Ty std::accumulate<std::_Deque_iterator<std::_Deque_val<std::_Deque_simple_types<double>>>,float>(const _InIt,const _InIt,_Ty)”的引用
          with
          [
              _Ty=float,
              _InIt=std::_Deque_iterator<std::_Deque_val<std::_Deque_simple_types<double>>>
          ]
  演讲比赛流程管理系统.vcxproj -> F:\c++\大案例\演讲比赛流程管理系统\Debug\演讲比赛流程管理系统.exe
